<?xml version="1.0" encoding="UTF-8"?>
<testng-results ignored="0" total="1" passed="1" failed="0" skipped="0">
  <reporter-output>
  </reporter-output>
  <suite started-at="2021-11-06T10:02:09Z" name="Default suite" finished-at="2021-11-06T10:03:22Z" duration-ms="73224">
    <groups>
    </groups>
    <test started-at="2021-11-06T10:02:09Z" name="Default test" finished-at="2021-11-06T10:03:22Z" duration-ms="73224">
      <class name="TestPractice.Testcases.Logincases">
        <test-method is-config="true" signature="setUpSuite()[pri:0, instance:TestPractice.Testcases.Logincases@2a693f59]" started-at="2021-11-06T15:32:09Z" name="setUpSuite" finished-at="2021-11-06T15:32:09Z" duration-ms="183" status="PASS">
          <reporter-output>
          </reporter-output>
        </test-method> <!-- setUpSuite -->
        <test-method is-config="true" signature="setup()[pri:0, instance:TestPractice.Testcases.Logincases@2a693f59]" started-at="2021-11-06T15:32:09Z" name="setup" finished-at="2021-11-06T15:32:24Z" duration-ms="14669" status="PASS">
          <reporter-output>
          </reporter-output>
        </test-method> <!-- setup -->
        <test-method signature="LoginApp()[pri:0, instance:TestPractice.Testcases.Logincases@2a693f59]" started-at="2021-11-06T15:32:24Z" name="LoginApp" finished-at="2021-11-06T15:33:22Z" duration-ms="57930" status="PASS">
          <reporter-output>
          </reporter-output>
        </test-method> <!-- LoginApp -->
        <test-method is-config="true" signature="tearDown()[pri:0, instance:TestPractice.Testcases.Logincases@2a693f59]" started-at="2021-11-06T15:33:22Z" name="tearDown" finished-at="2021-11-06T15:33:22Z" duration-ms="603" status="PASS">
          <reporter-output>
          </reporter-output>
        </test-method> <!-- tearDown -->
      </class> <!-- TestPractice.Testcases.Logincases -->
    </test> <!-- Default test -->
  </suite> <!-- Default suite -->
</testng-results>
